<?xml version="1.0" encoding="UTF-8"?>
<!-- Generated by org.testng.reporters.JUnitReportReporter -->
<testsuite hostname="VARSHINI" failures="3" tests="18" name="runner.TestRunner" time="27.275" errors="2" timestamp="2025-08-05T16:15:40 IST" skipped="0">
  <testcase classname="runner.TestRunner" name="runScenario" time="0.200"/>
  <testcase classname="runner.TestRunner" name="runScenario" time="0.148"/>
  <testcase classname="runner.TestRunner" name="runScenario" time="0.224"/>
  <testcase classname="runner.TestRunner" name="runScenario" time="0.132"/>
  <testcase classname="runner.TestRunner" name="runScenario" time="0.424"/>
  <testcase classname="runner.TestRunner" name="runScenario" time="0.584"/>
  <testcase classname="runner.TestRunner" name="runScenario" time="5.679">
    <error message="Expected condition failed: waiting for visibility of [[FirefoxDriver: firefox on windows (601afdb8-fef3-44cd-bec5-651cd1575651)] -&gt; id: yourphoneError] (tried for 5 second(s) with 500 milliseconds interval)
Build info: version: &#039;4.11.0&#039;, revision: &#039;040bc5406b&#039;
System info: os.name: &#039;Windows 11&#039;, os.arch: &#039;amd64&#039;, os.version: &#039;10.0&#039;, java.version: &#039;21.0.7&#039;
Driver info: org.openqa.selenium.firefox.FirefoxDriver
Capabilities {acceptInsecureCerts: true, browserName: firefox, browserVersion: 141.0, moz:accessibilityChecks: false, moz:buildID: 20250717180000, moz:geckodriverVersion: 0.36.0, moz:headless: false, moz:platformVersion: 10.0, moz:processID: 12264, moz:profile: C:\Users\varsh\AppData\Loca..., moz:shutdownTimeout: 60000, moz:webdriverClick: true, moz:windowless: false, pageLoadStrategy: normal, platformName: windows, proxy: Proxy(), setWindowRect: true, strictFileInteractability: false, timeouts: {implicit: 0, pageLoad: 300000, script: 30000}, unhandledPromptBehavior: dismiss and notify, userAgent: Mozilla/5.0 (Windows NT 10....}
Session ID: 601afdb8-fef3-44cd-bec5-651cd1575651" type="org.openqa.selenium.TimeoutException">
      <![CDATA[org.openqa.selenium.TimeoutException: Expected condition failed: waiting for visibility of [[FirefoxDriver: firefox on windows (601afdb8-fef3-44cd-bec5-651cd1575651)] -> id: yourphoneError] (tried for 5 second(s) with 500 milliseconds interval)
Build info: version: '4.11.0', revision: '040bc5406b'
System info: os.name: 'Windows 11', os.arch: 'amd64', os.version: '10.0', java.version: '21.0.7'
Driver info: org.openqa.selenium.firefox.FirefoxDriver
Capabilities {acceptInsecureCerts: true, browserName: firefox, browserVersion: 141.0, moz:accessibilityChecks: false, moz:buildID: 20250717180000, moz:geckodriverVersion: 0.36.0, moz:headless: false, moz:platformVersion: 10.0, moz:processID: 12264, moz:profile: C:\Users\varsh\AppData\Loca..., moz:shutdownTimeout: 60000, moz:webdriverClick: true, moz:windowless: false, pageLoadStrategy: normal, platformName: windows, proxy: Proxy(), setWindowRect: true, strictFileInteractability: false, timeouts: {implicit: 0, pageLoad: 300000, script: 30000}, unhandledPromptBehavior: dismiss and notify, userAgent: Mozilla/5.0 (Windows NT 10....}
Session ID: 601afdb8-fef3-44cd-bec5-651cd1575651
at org.openqa.selenium.support.ui.WebDriverWait.timeoutException(WebDriverWait.java:84)
at org.openqa.selenium.support.ui.FluentWait.until(FluentWait.java:230)
at pages.ChatSupport.getPhoneError(ChatSupport.java:76)
at StepDefination.ChatSupportStepDef.error_message_for_phone_should_be_shown_as(ChatSupportStepDef.java:55)
at ✽.error message for phone should be shown as "Phone number must be 10 digits"(file:///C:/Users/varsh/Downloads/CTS/Hands%20on/Sprint%202/sprint/src/main/java/features/ChatSupport.feature:12)
]]>
    </error>
  </testcase> <!-- runScenario -->
  <testcase classname="runner.TestRunner" name="runScenario" time="0.317"/>
  <testcase classname="runner.TestRunner" name="runScenario" time="0.300"/>
  <testcase classname="runner.TestRunner" name="runScenario" time="4.435"/>
  <testcase classname="runner.TestRunner" name="runScenario" time="0.341"/>
  <testcase classname="runner.TestRunner" name="runScenario" time="0.317">
    <error message="Unable to locate element: #emailError
For documentation on this error, please visit: https://www.selenium.dev/documentation/webdriver/troubleshooting/errors#no-such-element-exception
Build info: version: &#039;4.11.0&#039;, revision: &#039;040bc5406b&#039;
System info: os.name: &#039;Windows 11&#039;, os.arch: &#039;amd64&#039;, os.version: &#039;10.0&#039;, java.version: &#039;21.0.7&#039;
Driver info: org.openqa.selenium.firefox.FirefoxDriver
Command: [601afdb8-fef3-44cd-bec5-651cd1575651, findElement {using=id, value=emailError}]
Capabilities {acceptInsecureCerts: true, browserName: firefox, browserVersion: 141.0, moz:accessibilityChecks: false, moz:buildID: 20250717180000, moz:geckodriverVersion: 0.36.0, moz:headless: false, moz:platformVersion: 10.0, moz:processID: 12264, moz:profile: C:\Users\varsh\AppData\Loca..., moz:shutdownTimeout: 60000, moz:webdriverClick: true, moz:windowless: false, pageLoadStrategy: normal, platformName: windows, proxy: Proxy(), setWindowRect: true, strictFileInteractability: false, timeouts: {implicit: 0, pageLoad: 300000, script: 30000}, unhandledPromptBehavior: dismiss and notify, userAgent: Mozilla/5.0 (Windows NT 10....}
Session ID: 601afdb8-fef3-44cd-bec5-651cd1575651" type="org.openqa.selenium.NoSuchElementException">
      <![CDATA[org.openqa.selenium.NoSuchElementException: Unable to locate element: #emailError
For documentation on this error, please visit: https://www.selenium.dev/documentation/webdriver/troubleshooting/errors#no-such-element-exception
Build info: version: '4.11.0', revision: '040bc5406b'
System info: os.name: 'Windows 11', os.arch: 'amd64', os.version: '10.0', java.version: '21.0.7'
Driver info: org.openqa.selenium.firefox.FirefoxDriver
Command: [601afdb8-fef3-44cd-bec5-651cd1575651, findElement {using=id, value=emailError}]
Capabilities {acceptInsecureCerts: true, browserName: firefox, browserVersion: 141.0, moz:accessibilityChecks: false, moz:buildID: 20250717180000, moz:geckodriverVersion: 0.36.0, moz:headless: false, moz:platformVersion: 10.0, moz:processID: 12264, moz:profile: C:\Users\varsh\AppData\Loca..., moz:shutdownTimeout: 60000, moz:webdriverClick: true, moz:windowless: false, pageLoadStrategy: normal, platformName: windows, proxy: Proxy(), setWindowRect: true, strictFileInteractability: false, timeouts: {implicit: 0, pageLoad: 300000, script: 30000}, unhandledPromptBehavior: dismiss and notify, userAgent: Mozilla/5.0 (Windows NT 10....}
Session ID: 601afdb8-fef3-44cd-bec5-651cd1575651
at java.base/jdk.internal.reflect.DirectConstructorHandleAccessor.newInstance(DirectConstructorHandleAccessor.java:62)
at java.base/java.lang.reflect.Constructor.newInstanceWithCaller(Constructor.java:502)
at java.base/java.lang.reflect.Constructor.newInstance(Constructor.java:486)
at org.openqa.selenium.remote.codec.w3c.W3CHttpResponseCodec.createException(W3CHttpResponseCodec.java:200)
at org.openqa.selenium.remote.codec.w3c.W3CHttpResponseCodec.decode(W3CHttpResponseCodec.java:133)
at org.openqa.selenium.remote.codec.w3c.W3CHttpResponseCodec.decode(W3CHttpResponseCodec.java:52)
at org.openqa.selenium.remote.HttpCommandExecutor.execute(HttpCommandExecutor.java:191)
at org.openqa.selenium.remote.service.DriverCommandExecutor.invokeExecute(DriverCommandExecutor.java:196)
at org.openqa.selenium.remote.service.DriverCommandExecutor.execute(DriverCommandExecutor.java:171)
at org.openqa.selenium.remote.RemoteWebDriver.execute(RemoteWebDriver.java:518)
at org.openqa.selenium.remote.ElementLocation$ElementFinder$2.findElement(ElementLocation.java:165)
at org.openqa.selenium.remote.ElementLocation.findElement(ElementLocation.java:59)
at org.openqa.selenium.remote.RemoteWebDriver.findElement(RemoteWebDriver.java:355)
at org.openqa.selenium.remote.RemoteWebDriver.findElement(RemoteWebDriver.java:349)
at org.openqa.selenium.support.pagefactory.DefaultElementLocator.findElement(DefaultElementLocator.java:68)
at org.openqa.selenium.support.pagefactory.internal.LocatingElementHandler.invoke(LocatingElementHandler.java:38)
at jdk.proxy2/jdk.proxy2.$Proxy34.isDisplayed(Unknown Source)
at pages.LibraryCard.isErrorVisible(LibraryCard.java:146)
at StepDefination.LibraryCardStepDef.error_message_should_be_shown(LibraryCardStepDef.java:52)
at ✽.error message "Enter a valid email" should be shown(file:///C:/Users/varsh/Downloads/CTS/Hands%20on/Sprint%202/sprint/src/main/java/features/EmailSupport.feature:12)
]]>
    </error>
  </testcase> <!-- runScenario -->
  <testcase classname="runner.TestRunner" name="runScenario" time="0.306"/>
  <testcase classname="runner.TestRunner" name="runScenario" time="12.653">
    <failure message="Some rows failed:
Row 2 failed: No books found
Row 4 failed: No books found
" type="java.lang.AssertionError">
      <![CDATA[java.lang.AssertionError: Some rows failed:
Row 2 failed: No books found
Row 4 failed: No books found

at StepDefination.SearchBookStepDef.user_performs_book_search_for_all_excel_rows(SearchBookStepDef.java:105)
at ✽.user performs book search for all Excel rows(file:///C:/Users/varsh/Downloads/CTS/Hands%20on/Sprint%202/sprint/src/main/java/features/SearchBook.feature:11)
]]>
    </failure>
  </testcase> <!-- runScenario -->
  <testcase classname="runner.TestRunner" name="runScenario" time="0.476"/>
  <testcase classname="runner.TestRunner" name="runScenario" time="0.271">
    <failure message="expected [true] but found [false]" type="java.lang.AssertionError">
      <![CDATA[java.lang.AssertionError: expected [true] but found [false]
at org.testng.Assert.fail(Assert.java:111)
at org.testng.Assert.failNotEquals(Assert.java:1590)
at org.testng.Assert.assertTrue(Assert.java:57)
at org.testng.Assert.assertTrue(Assert.java:67)
at StepDefination.LibraryCardStepDef.error_message_should_be_shown(LibraryCardStepDef.java:52)
at ✽.error message "Enter a valid email address" should be shown(file:///C:/Users/varsh/Downloads/CTS/Hands%20on/Sprint%202/sprint/src/main/java/features/LibraryCard.feature:12)
]]>
    </failure>
  </testcase> <!-- runScenario -->
  <testcase classname="runner.TestRunner" name="runScenario" time="0.158"/>
  <testcase classname="runner.TestRunner" name="runScenario" time="0.310">
    <failure message="expected [Phone number must be 10 digits] but found [Please Enter the Email]" type="java.lang.AssertionError">
      <![CDATA[java.lang.AssertionError: expected [Phone number must be 10 digits] but found [Please Enter the Email]
at org.testng.Assert.fail(Assert.java:111)
at org.testng.Assert.failNotEquals(Assert.java:1590)
at org.testng.Assert.assertEqualsImpl(Assert.java:150)
at org.testng.Assert.assertEquals(Assert.java:132)
at org.testng.Assert.assertEquals(Assert.java:656)
at org.testng.Assert.assertEquals(Assert.java:666)
at StepDefination.LibraryCardStepDef.error_message_for_phone_should_be_shown_as_on_library_card_page(LibraryCardStepDef.java:67)
at ✽.error message for phone should be shown as "Phone number must be 10 digits" on Library Card page(file:///C:/Users/varsh/Downloads/CTS/Hands%20on/Sprint%202/sprint/src/main/java/features/LibraryCard.feature:21)
]]>
    </failure>
  </testcase> <!-- runScenario -->
</testsuite> <!-- runner.TestRunner -->
